#
# There is insufficient memory for the Java Runtime Environment to continue.
# Native memory allocation (mmap) failed to map 268435456 bytes for G1 virtual space
# Possible reasons:
#   The system is out of physical RAM or swap space
#   The process is running with CompressedOops enabled, and the Java Heap may be blocking the growth of the native heap
# Possible solutions:
#   Reduce memory load on the system
#   Increase physical memory or swap space
#   Check if swap backing store is full
#   Decrease Java heap size (-Xmx/-Xms)
#   Decrease number of Java threads
#   Decrease Java thread stack sizes (-Xss)
#   Set larger code cache with -XX:ReservedCodeCacheSize=
#   JVM is running with Unscaled Compressed Oops mode in which the Java heap is
#     placed in the first 4GB address space. The Java Heap base address is the
#     maximum limit for the native heap growth. Please use -XX:HeapBaseMinAddress
#     to set the Java Heap base and to place the Java Heap above 4GB virtual address.
# This output file may be truncated or incomplete.
#
#  Out of Memory Error (os_windows.cpp:3825), pid=18864, tid=1440
#
# JRE version:  (17.0.10+1) (build )
# Java VM: OpenJDK 64-Bit Server VM (17.0.10+1-b1207.14, mixed mode, sharing, tiered, compressed oops, compressed class ptrs, g1 gc, windows-amd64)
# No core dump will be written. Minidumps are not enabled by default on client versions of Windows
#

---------------  S U M M A R Y ------------

Command Line: -Dorg.sqlite.tmpdir=C:\Users\21261\AppData\Local\JetBrains\DataGrip2024.1\jdbc-native-deps\Xerial SQLiteJDBC\3.45.1\sqlite-jdbc-3.45.1.0\libs -Djava.rmi.server.hostname=127.0.0.1 -Duser.timezone=UTC -Xmx750m -Xms256m -Djdbc.classpath=C:\Users\21261\AppData\Local\Programs\DataGrip\plugins\DatabaseTools\lib\jdbc-console.jar;C:\Users\21261\AppData\Roaming\JetBrains\DataGrip2024.1\jdbc-drivers\Xerial SQLiteJDBC\3.45.1\org\xerial\sqlite-jdbc\3.45.1.0\sqlite-jdbc-3.45.1.0.jar;C:\Users\21261\AppData\Roaming\JetBrains\DataGrip2024.1\jdbc-drivers\Xerial SQLiteJDBC\3.45.1\org\slf4j\slf4j-api\1.7.36\slf4j-api-1.7.36.jar --add-exports=java.desktop/sun.awt=ALL-UNNAMED --add-exports=java.desktop/java.awt.peer=ALL-UNNAMED --add-opens=java.desktop/java.awt=ALL-UNNAMED --add-opens=jdk.unsupported/sun.misc=ALL-UNNAMED --add-opens=java.base/java.nio=ALL-UNNAMED --add-opens=java.base/java.util=ALL-UNNAMED -Dfile.encoding=UTF-8 com.intellij.database.remote.RemoteJdbcServer org.sqlite.JDBC

Host: 11th Gen Intel(R) Core(TM) i7-1165G7 @ 2.80GHz, 8 cores, 7G,  Windows 11 , 64 bit Build 22621 (10.0.22621.4391)
Time: Wed Jan 15 00:30:37 2025 Maroc (heure d64 bit Build 22621 (10.0.22621.4391) elapsed time: 0.010537 seconds (0d 0h 0m 0s)

---------------  T H R E A D  ---------------

Current thread (0x0000020c62320ca0):  JavaThread "Unknown thread" [_thread_in_vm, id=1440, stack(0x000000c4ae500000,0x000000c4ae600000)]

Stack: [0x000000c4ae500000,0x000000c4ae600000]
Native frames: (J=compiled Java code, j=interpreted, Vv=VM code, C=native code)
V  [jvm.dll+0x687989]
V  [jvm.dll+0x84116a]
V  [jvm.dll+0x842dae]
V  [jvm.dll+0x843413]
V  [jvm.dll+0x249ccf]
V  [jvm.dll+0x684759]
V  [jvm.dll+0x67900a]
V  [jvm.dll+0x30ab0b]
V  [jvm.dll+0x311fb6]
V  [jvm.dll+0x361d5e]
V  [jvm.dll+0x361f8f]
V  [jvm.dll+0x2e07f8]
V  [jvm.dll+0x2e1764]
V  [jvm.dll+0x811c31]
V  [jvm.dll+0x36fc11]
V  [jvm.dll+0x7f0666]
V  [jvm.dll+0x3f3daf]
V  [jvm.dll+0x3f5a41]
C  [jli.dll+0x528f]
C  [ucrtbase.dll+0x29333]
C  [KERNEL32.DLL+0x1259d]
C  [ntdll.dll+0x5af38]


---------------  P R O C E S S  ---------------

Threads class SMR info:
_java_thread_list=0x00007ffae56cdf58, length=0, elements={
}

Java Threads: ( => current thread )

Other Threads:
  0x0000020c623563f0 GCTaskThread "GC Thread#0" [stack: 0x000000c4ae600000,0x000000c4ae700000] [id=40532]
  0x0000020c6235e110 ConcurrentGCThread "G1 Main Marker" [stack: 0x000000c4ae700000,0x000000c4ae800000] [id=35056]
  0x0000020c6235eb30 ConcurrentGCThread "G1 Conc#0" [stack: 0x000000c4ae800000,0x000000c4ae900000] [id=4968]

[error occurred during error reporting (printing all threads), id 0xc0000005, EXCEPTION_ACCESS_VIOLATION (0xc0000005) at pc=0x00007ffae4e813c7]

VM state: not at safepoint (not fully initialized)

VM Mutex/Monitor currently owned by a thread:  ([mutex/lock_event])
[0x0000020c6231bac0] Heap_lock - owner thread: 0x0000020c62320ca0

Heap address: 0x00000000d1200000, size: 750 MB, Compressed Oops mode: 32-bit

CDS archive(s) mapped at: [0x0000000000000000-0x0000000000000000-0x0000000000000000), size 0, SharedBaseAddress: 0x0000000800000000, ArchiveRelocationMode: 1.
Narrow klass base: 0x0000000000000000, Narrow klass shift: 0, Narrow klass range: 0x0

GC Precious Log:
<Empty>

Heap:
 garbage-first heap   total 0K, used 0K [0x00000000d1200000, 0x0000000100000000)
  region size 1024K, 0 young (0K), 0 survivors (0K)
 Metaspace       used 0K, committed 0K, reserved 0K
  class space    used 0K, committed 0K, reserved 0K

Heap Regions: E=young(eden), S=young(survivor), O=old, HS=humongous(starts), HC=humongous(continues), CS=collection set, F=free, OA=open archive, CA=closed archive, TAMS=top-at-mark-start (previous, next)

Card table byte_map: [0x0000020c74f30000,0x0000020c750b0000] _byte_map_base: 0x0000020c748a7000

Marking Bits (Prev, Next): (CMBitMap*) 0x0000020c62356a10, (CMBitMap*) 0x0000020c62356a50
 Prev Bits: [0x0000020c75230000, 0x0000020c75de8000)
 Next Bits: [0x0000020c75df0000, 0x0000020c769a8000)

GC Heap History (0 events):
No events

Dll operation events (1 events):
Event: 0.007 Loaded shared library C:\Users\21261\AppData\Local\Programs\DataGrip\jbr\bin\java.dll

Deoptimization events (0 events):
No events

Classes unloaded (0 events):
No events

Classes redefined (0 events):
No events

Internal exceptions (0 events):
No events

VM Operations (0 events):
No events

Events (0 events):
No events


Dynamic libraries:
0x00007ff6fadd0000 - 0x00007ff6fadda000 	C:\Users\21261\AppData\Local\Programs\DataGrip\jbr\bin\java.exe
0x00007ffbaa950000 - 0x00007ffbaab67000 	C:\WINDOWS\SYSTEM32\ntdll.dll
0x00007ffbaa450000 - 0x00007ffbaa514000 	C:\WINDOWS\System32\KERNEL32.DLL
0x00007ffba7e90000 - 0x00007ffba824a000 	C:\WINDOWS\System32\KERNELBASE.dll
0x00007ffba1ee0000 - 0x00007ffba1f77000 	C:\WINDOWS\SYSTEM32\apphelp.dll
0x00007ffba8480000 - 0x00007ffba8591000 	C:\WINDOWS\System32\ucrtbase.dll
0x00007ffb90bd0000 - 0x00007ffb90be7000 	C:\Users\21261\AppData\Local\Programs\DataGrip\jbr\bin\jli.dll
0x00007ffb47b70000 - 0x00007ffb47b8b000 	C:\Users\21261\AppData\Local\Programs\DataGrip\jbr\bin\VCRUNTIME140.dll
0x00007ffbaa570000 - 0x00007ffbaa71e000 	C:\WINDOWS\System32\USER32.dll
0x00007ffba7e60000 - 0x00007ffba7e86000 	C:\WINDOWS\System32\win32u.dll
0x00007ffba8bb0000 - 0x00007ffba8bd9000 	C:\WINDOWS\System32\GDI32.dll
0x00007ffb7f310000 - 0x00007ffb7f5a2000 	C:\WINDOWS\WinSxS\amd64_microsoft.windows.common-controls_6595b64144ccf1df_6.0.22621.4541_none_2710d1c57384c085\COMCTL32.dll
0x00007ffba7c20000 - 0x00007ffba7d3b000 	C:\WINDOWS\System32\gdi32full.dll
0x00007ffba88c0000 - 0x00007ffba8967000 	C:\WINDOWS\System32\msvcrt.dll
0x00007ffba7d40000 - 0x00007ffba7dda000 	C:\WINDOWS\System32\msvcp_win.dll
0x00007ffbaa8d0000 - 0x00007ffbaa901000 	C:\WINDOWS\System32\IMM32.DLL
0x00007ffb90ce0000 - 0x00007ffb90cec000 	C:\Users\21261\AppData\Local\Programs\DataGrip\jbr\bin\vcruntime140_1.dll
0x00007ffb11c00000 - 0x00007ffb11c8d000 	C:\Users\21261\AppData\Local\Programs\DataGrip\jbr\bin\msvcp140.dll
0x00007ffae4b90000 - 0x00007ffae5812000 	C:\Users\21261\AppData\Local\Programs\DataGrip\jbr\bin\server\jvm.dll
0x00007ffba8bf0000 - 0x00007ffba8ca2000 	C:\WINDOWS\System32\ADVAPI32.dll
0x00007ffba8e80000 - 0x00007ffba8f27000 	C:\WINDOWS\System32\sechost.dll
0x00007ffba8620000 - 0x00007ffba8648000 	C:\WINDOWS\System32\bcrypt.dll
0x00007ffbaa7a0000 - 0x00007ffbaa8b4000 	C:\WINDOWS\System32\RPCRT4.dll
0x00007ffba7a40000 - 0x00007ffba7a8d000 	C:\WINDOWS\SYSTEM32\POWRPROF.dll
0x00007ffba55d0000 - 0x00007ffba5604000 	C:\WINDOWS\SYSTEM32\WINMM.dll
0x00007ffb998b0000 - 0x00007ffb998ba000 	C:\WINDOWS\SYSTEM32\VERSION.dll
0x00007ffb956b0000 - 0x00007ffb956b9000 	C:\WINDOWS\SYSTEM32\WSOCK32.dll
0x00007ffbaa720000 - 0x00007ffbaa791000 	C:\WINDOWS\System32\WS2_32.dll
0x00007ffba7920000 - 0x00007ffba7933000 	C:\WINDOWS\SYSTEM32\UMPDC.dll
0x00007ffba6c60000 - 0x00007ffba6c78000 	C:\WINDOWS\SYSTEM32\kernel.appcore.dll
0x00007ffb8afe0000 - 0x00007ffb8afea000 	C:\Users\21261\AppData\Local\Programs\DataGrip\jbr\bin\jimage.dll
0x00007ffba5350000 - 0x00007ffba5582000 	C:\WINDOWS\SYSTEM32\DBGHELP.DLL
0x00007ffbaa0c0000 - 0x00007ffbaa44f000 	C:\WINDOWS\System32\combase.dll
0x00007ffba8cb0000 - 0x00007ffba8d87000 	C:\WINDOWS\System32\OLEAUT32.dll
0x00007ffba5590000 - 0x00007ffba55c2000 	C:\WINDOWS\SYSTEM32\dbgcore.DLL
0x00007ffba85a0000 - 0x00007ffba861b000 	C:\WINDOWS\System32\bcryptPrimitives.dll
0x00007ffb5f260000 - 0x00007ffb5f285000 	C:\Users\21261\AppData\Local\Programs\DataGrip\jbr\bin\java.dll

dbghelp: loaded successfully - version: 4.0.5 - missing functions: none
symbol engine: initialized successfully - sym options: 0x614 - pdb path: .;C:\Users\21261\AppData\Local\Programs\DataGrip\jbr\bin;C:\WINDOWS\SYSTEM32;C:\WINDOWS\WinSxS\amd64_microsoft.windows.common-controls_6595b64144ccf1df_6.0.22621.4541_none_2710d1c57384c085;C:\Users\21261\AppData\Local\Programs\DataGrip\jbr\bin\server

VM Arguments:
jvm_args: -Dorg.sqlite.tmpdir=C:\Users\21261\AppData\Local\JetBrains\DataGrip2024.1\jdbc-native-deps\Xerial SQLiteJDBC\3.45.1\sqlite-jdbc-3.45.1.0\libs -Djava.rmi.server.hostname=127.0.0.1 -Duser.timezone=UTC -Xmx750m -Xms256m -Djdbc.classpath=C:\Users\21261\AppData\Local\Programs\DataGrip\plugins\DatabaseTools\lib\jdbc-console.jar;C:\Users\21261\AppData\Roaming\JetBrains\DataGrip2024.1\jdbc-drivers\Xerial SQLiteJDBC\3.45.1\org\xerial\sqlite-jdbc\3.45.1.0\sqlite-jdbc-3.45.1.0.jar;C:\Users\21261\AppData\Roaming\JetBrains\DataGrip2024.1\jdbc-drivers\Xerial SQLiteJDBC\3.45.1\org\slf4j\slf4j-api\1.7.36\slf4j-api-1.7.36.jar --add-exports=java.desktop/sun.awt=ALL-UNNAMED --add-exports=java.desktop/java.awt.peer=ALL-UNNAMED --add-opens=java.desktop/java.awt=ALL-UNNAMED --add-opens=jdk.unsupported/sun.misc=ALL-UNNAMED --add-opens=java.base/java.nio=ALL-UNNAMED --add-opens=java.base/java.util=ALL-UNNAMED -Dfile.encoding=UTF-8 
java_command: com.intellij.database.remote.RemoteJdbcServer org.sqlite.JDBC
java_class_path (initial): C:\Users\21261\AppData\Local\Programs\DataGrip\lib\util_rt.jar;C:\Users\21261\AppData\Local\Programs\DataGrip\lib\util-8.jar;C:\Users\21261\AppData\Local\Programs\DataGrip\lib\groovy.jar;C:\Users\21261\AppData\Local\Programs\DataGrip\plugins\DatabaseTools\lib\jdbc-console.jar;C:\Users\21261\AppData\Local\Programs\DataGrip\plugins\grid-core-impl\lib\jdbc-console-types.jar;C:\Users\21261\AppData\Local\Programs\DataGrip\lib\util.jar
Launcher Type: SUN_STANDARD

[Global flags]
     intx CICompilerCount                          = 4                                         {product} {ergonomic}
     uint ConcGCThreads                            = 2                                         {product} {ergonomic}
     uint G1ConcRefinementThreads                  = 8                                         {product} {ergonomic}
   size_t G1HeapRegionSize                         = 1048576                                   {product} {ergonomic}
    uintx GCDrainStackTargetSize                   = 64                                        {product} {ergonomic}
   size_t InitialHeapSize                          = 268435456                                 {product} {command line}
   size_t MarkStackSize                            = 4194304                                   {product} {ergonomic}
   size_t MaxHeapSize                              = 786432000                                 {product} {command line}
   size_t MinHeapDeltaBytes                        = 1048576                                   {product} {ergonomic}
   size_t MinHeapSize                              = 268435456                                 {product} {command line}
    uintx NonNMethodCodeHeapSize                   = 5839372                                {pd product} {ergonomic}
    uintx NonProfiledCodeHeapSize                  = 122909434                              {pd product} {ergonomic}
    uintx ProfiledCodeHeapSize                     = 122909434                              {pd product} {ergonomic}
    uintx ReservedCodeCacheSize                    = 251658240                              {pd product} {ergonomic}
     bool SegmentedCodeCache                       = true                                      {product} {ergonomic}
   size_t SoftMaxHeapSize                          = 786432000                              {manageable} {ergonomic}
     bool UseCompressedClassPointers               = true                           {product lp64_product} {ergonomic}
     bool UseCompressedOops                        = true                           {product lp64_product} {ergonomic}
     bool UseG1GC                                  = true                                      {product} {ergonomic}
     bool UseLargePagesIndividualAllocation        = false                                  {pd product} {ergonomic}

Logging:
Log output configuration:
 #0: stdout all=warning uptime,level,tags
 #1: stderr all=off uptime,level,tags

Environment Variables:
PATH=C:\Program Files\Java\jdk-21\bin;C:\Program Files (x86)\Common Files\Oracle\Java\javapath;C:\app\youssef-hergal\product\11.1.0\db_1\bin;C:\app\21261\product\11.1.0\db_4\bin;C:\Program Files (x86)\VMware\VMware Workstation\bin\;C:\WINDOWS\system32;C:\WINDOWS;C:\WINDOWS\System32\Wbem;C:\WINDOWS\System32\WindowsPowerShell\v1.0\;C:\WINDOWS\System32\OpenSSH\;C:\Program Files\dotnet\;C:\WINDOWS\system32;C:\WINDOWS;C:\WINDOWS\System32\Wbem;C:\WINDOWS\System32\WindowsPowerShell\v1.0\;C:\WINDOWS\System32\OpenSSH\;C:\Program Files\Microsoft SQL Server\130\Tools\Binn\;C:\Program Files\Microsoft SQL Server\Client SDK\ODBC\170\Tools\BiC:\Program Files\Java\jdk-21\bin;\;C:\xampp\php;C:\ProgramData\ComposerSetup\bin;C:\Users\21261\AppData\Local\Programs\Python\Python312\;C:\Users\21261\AppData\Local\Programs\Python\Python312\Scripts\;C:\Program Files\Spyder\Python;C:\Program Files\nodejs\;C:\Program Files\Git\cmd;C:\Users\21261\AppData\Local\Microsoft\WindowsApps;C:\Users\21261\AppData\Local\Programs\Microsoft VS Code\bin;C:\Program Files\JetBrains\DataGrip 2021.3.4\bin;C:\Users\21261\AppData\Local\JetBrains\Toolbox\scripts;C:\Users\21261\AppData\Local\Microsoft\WindowsApps;C:\xampp\mysql\bin;C:\Users\21261\Desktop\jflex-1.8.2\bin;C:\Users\21261\AppData\Roaming\Composer\vendor\bin;C:\Users\21261\AppData\Roaming\npm;
USERNAME=youssef-hergal
OS=Windows_NT
PROCESSOR_IDENTIFIER=Intel64 Family 6 Model 140 Stepping 1, GenuineIntel
TMP=C:\Users\21261\AppData\Local\Temp
TEMP=C:\Users\21261\AppData\Local\Temp



Periodic native trim disabled

JNI global refs:
JNI global refs: 0, weak refs: 0

JNI global refs memory usage: 0, weak refs: 0

OOME stack traces (most recent first):
Classloader memory used:


---------------  S Y S T E M  ---------------

OS:
 Windows 11 , 64 bit Build 22621 (10.0.22621.4391)
OS uptime: 0 days 9:14 hours

CPU: total 8 (initial active 8) (4 cores per cpu, 2 threads per core) family 6 model 140 stepping 1 microcode 0xb8, cx8, cmov, fxsr, ht, mmx, 3dnowpref, sse, sse2, sse3, ssse3, sse4.1, sse4.2, popcnt, lzcnt, tsc, tscinvbit, avx, avx2, aes, erms, clmul, bmi1, bmi2, adx, avx512f, avx512dq, avx512cd, avx512bw, avx512vl, sha, fma, vzeroupper, avx512_vpopcntdq, avx512_vpclmulqdq, avx512_vaes, avx512_vnni, clflush, clflushopt, clwb, avx512_vbmi2, avx512_vbmi
Processor Information for processor 0
  Max Mhz: 2803, Current Mhz: 2803, Mhz Limit: 2803
Processor Information for processor 1
  Max Mhz: 2803, Current Mhz: 2803, Mhz Limit: 2803
Processor Information for processor 2
  Max Mhz: 2803, Current Mhz: 2803, Mhz Limit: 2803
Processor Information for processor 3
  Max Mhz: 2803, Current Mhz: 2803, Mhz Limit: 2803
Processor Information for processor 4
  Max Mhz: 2803, Current Mhz: 1201, Mhz Limit: 2803
Processor Information for processor 5
  Max Mhz: 2803, Current Mhz: 2803, Mhz Limit: 2803
Processor Information for processor 6
  Max Mhz: 2803, Current Mhz: 2803, Mhz Limit: 2803
Processor Information for processor 7
  Max Mhz: 2803, Current Mhz: 2803, Mhz Limit: 2803

Memory: 4k page, system-wide physical 7914M (530M free)
TotalPageFile size 32490M (AvailPageFile size 192M)
current process WorkingSet (physical memory assigned to process): 12M, peak: 12M
current process commit charge ("private bytes"): 60M, peak: 316M

vm_info: OpenJDK 64-Bit Server VM (17.0.10+1-b1207.14) for windows-amd64 JRE (17.0.10+1-b1207.14), built on 2024-04-05 by "builduser" with MS VC++ 16.10 / 16.11 (VS2019)

END.
